Client 1 connected, processing file image1, at Mon May 18 16:39:41 2020
Start to recieve image
Image received
Start to process Image
Start Classify Image...
Applying average filter to  Image...
Applying median filter to  Image...
Image Processed
----------------
Client 1 connected, processing file image1, at Mon May 18 16:42:38 2020
Start to recieve image
Image received
Start to process Image
Start Classify Image...
Applying average filter to  Image...
Applying median filter to  Image...
Image Processed
----------------
Client 1 connected, processing file image1, at Mon May 18 16:53:00 2020
Start to recieve image
Image received
Start to process Image
Start Classify Image...
Applying average filter to  Image...
Applying median filter to  Image...
Image Processed
----------------
Client 1 connected, processing file image1, at Mon May 18 16:53:52 2020
Start to recieve image
Image received
Start to process Image
Start Classify Image...
Applying average filter to  Image...
Applying median filter to  Image...
Image Processed
----------------
Client 2 connected, processing file image2, at Mon May 18 16:54:30 2020
Start to recieve image
Image received
Start to process Image
Start Classify Image...
Applying average filter to  Image...
Applying median filter to  Image...
Image Processed
----------------
Client 1 connected, processing file image1, at Mon May 18 16:56:11 2020
Start to recieve image
Image received
Start to process Image
Start Classify Image...
Applying average filter to  Image...
Applying median filter to  Image...
Image Processed
----------------
Client 1 connected, processing file image1, at Mon May 18 16:57:38 2020
Start to recieve image
Image received
Start to process Image
Start Classify Image...
Applying average filter to  Image...
Applying median filter to  Image...
Image Processed
----------------
