Client 1 connected, processing file image1, at Mon May 18 18:13:19 2020
Start to recieve image
Image received
Start to process Image
Start Classify Image...
Applying average filter to  Image...
Applying median filter to  Image...
Image Processed
----------------
Client 3 connected, processing file image3, at Mon May 18 18:14:40 2020
Start to recieve image
Image received
Start to process Image
Start Classify Image...
Applying average filter to  Image...
Applying median filter to  Image...
Image Processed
----------------
Client 4 connected, processing file image4, at Mon May 18 18:15:11 2020
Start to recieve image
Image received
Start to process Image
Start Classify Image...
Applying average filter to  Image...
Applying median filter to  Image...
Image Processed
----------------
Client 1 connected, processing file image1, at Mon May 18 18:20:00 2020
Start to recieve image
Image received
Start to process Image
Start Classify Image...
Applying average filter to  Image...
Applying median filter to  Image...
Image Processed
----------------
Client 1 connected, processing file image1, at Mon May 18 19:35:15 2020
Start to recieve image
Image received
Start to process Image
Start Classify Image...
Applying average filter to  Image...
Applying median filter to  Image...
Image Processed
----------------
Client 1 connected, processing file image1, at Tue May 19 22:22:59 2020
Start to recieve image
Image received
Start to process Image
Start Classify Image...
Applying average filter to  Image...
Applying median filter to  Image...
Image Processed
----------------
Client 1 connected, processing file image1, at Wed May 20 11:22:58 2020
Failed to receive data
----------------
Client 2 connected, processing file image2, at Wed May 20 11:23:11 2020
Failed to receive data
----------------
Client 1 connected, processing file image1, at Wed May 20 11:24:05 2020
Start to recieve image
Image received
Start to process Image
Start Classify Image...
Applying average filter to  Image...
Applying median filter to  Image...
Image Processed
----------------
Client 1 connected, processing file image1, at Wed May 20 11:27:49 2020
Start to recieve image
Image received
Start to process Image
Start Classify Image...
Applying average filter to  Image...
Applying median filter to  Image...
Image Processed
----------------
Client 2 connected, processing file image2, at Wed May 20 11:28:21 2020
Start to recieve image
Image received
Start to process Image
Start Classify Image...
Applying average filter to  Image...
Applying median filter to  Image...
Image Processed
----------------
Client 1 connected, processing file image1, at Wed May 20 11:59:23 2020
Start to recieve image
Image received
Start to process Image
Start Classify Image...
Applying average filter to  Image...
Applying median filter to  Image...
Image Processed
----------------
Client 2 connected, processing file image2, at Wed May 20 11:59:42 2020
Start to recieve image
Image received
Start to process Image
Start Classify Image...
Applying average filter to  Image...
Applying median filter to  Image...
Image Processed
----------------
Client 3 connected, processing file image3, at Wed May 20 12:01:41 2020
Start to recieve image
Image received
Start to process Image
Start Classify Image...
Applying average filter to  Image...
Applying median filter to  Image...
Image Processed
----------------
Client 4 connected, processing file image4, at Wed May 20 12:06:00 2020
Start to recieve image
Image received
Start to process Image
Start Classify Image...
Applying average filter to  Image...
Applying median filter to  Image...
Image Processed
----------------
Client 5 connected, processing file image5, at Wed May 20 12:08:37 2020
Start to recieve image
Image received
Start to process Image
Start Classify Image...
Applying average filter to  Image...
Applying median filter to  Image...
Image Processed
----------------
Client 6 connected, processing file image6, at Wed May 20 12:09:15 2020
Start to recieve image
Image received
Start to process Image
Start Classify Image...
Applying average filter to  Image...
Applying median filter to  Image...
Image Processed
----------------
Client 7 connected, processing file image7, at Wed May 20 12:09:23 2020
Start to recieve image
Image received
Start to process Image
Start Classify Image...
Applying average filter to  Image...
Applying median filter to  Image...
Image Processed
----------------
Client 8 connected, processing file image8, at Wed May 20 12:09:28 2020
Start to recieve image
Image received
Start to process Image
Start Classify Image...
Applying average filter to  Image...
Applying median filter to  Image...
Image Processed
----------------
Client 9 connected, processing file image9, at Wed May 20 18:31:08 2020
Start to recieve image
Image received
Start to process Image
Start Classify Image...
Applying average filter to  Image...
Applying median filter to  Image...
Image Processed
----------------
